  [4;36;1mSQL (1.0ms)[0m   [0;1m SELECT name
 FROM sqlite_master
 WHERE type = 'table' AND NOT name = 'sqlite_sequence'
[0m
  [4;35;1mSQL (0.0ms)[0m   [0mselect sqlite_version(*)[0m
  [4;36;1mSQL (77.0ms)[0m   [0;1mCREATE TABLE "schema_migrations" ("version" varchar(255) NOT NULL) [0m
  [4;35;1mSQL (1.0ms)[0m   [0mPRAGMA index_list("schema_migrations")[0m
  [4;36;1mSQL (113.0ms)[0m   [0;1mCREATE UNIQUE INDEX "unique_schema_migrations" ON "schema_migrations" ("version")[0m
  [4;35;1mSQL (0.0ms)[0m   [0m SELECT name
 FROM sqlite_master
 WHERE type = 'table' AND NOT name = 'sqlite_sequence'
[0m
  [4;36;1mSQL (0.0ms)[0m   [0;1mSELECT version FROM schema_migrations[0m
Migrating to CreateUsers (20101119201805)
  [4;35;1mSQL (3.0ms)[0m   [0mCREATE TABLE "users" ("id" INTEGER PRIMARY KEY AUTOINCREMENT NOT NULL, "login" varchar(255) NOT NULL, "crypted_password" varchar(255) NOT NULL, "password_salt" varchar(255) NOT NULL, "persistence_token" varchar(255) NOT NULL, "created_at" datetime, "updated_at" datetime) [0m
  [4;36;1mSQL (1.0ms)[0m   [0;1mINSERT INTO schema_migrations (version) VALUES ('20101119201805')[0m
  [4;35;1mSQL (0.0ms)[0m   [0m SELECT name
 FROM sqlite_master
 WHERE type = 'table' AND NOT name = 'sqlite_sequence'
[0m
  [4;36;1mSQL (0.0ms)[0m   [0;1mSELECT version FROM schema_migrations[0m
  [4;35;1mSQL (0.0ms)[0m   [0m SELECT name
 FROM sqlite_master
 WHERE type = 'table' AND NOT name = 'sqlite_sequence'
[0m
  [4;36;1mSQL (0.0ms)[0m   [0;1mPRAGMA index_list("users")[0m


Processing UserSessionsController#new (for 127.0.0.1 at 2010-11-19 12:55:16) [GET]
  Parameters: {"action"=>"new", "controller"=>"user_sessions"}
Rendering template within layouts/application
Rendering user_sessions/new
Completed in 10663ms (View: 17, DB: 0) | 200 OK [http://localhost/]


Processing ApplicationController#index (for 127.0.0.1 at 2010-11-19 12:55:27) [GET]

ActionController::RoutingError (No route matches "/stylesheets/scaffold.css" with {:method=>:get}):
  C:/Ruby187/lib/ruby/1.8/webrick/httpserver.rb:104:in `service'
  C:/Ruby187/lib/ruby/1.8/webrick/httpserver.rb:65:in `run'
  C:/Ruby187/lib/ruby/1.8/webrick/server.rb:173:in `start_thread'
  C:/Ruby187/lib/ruby/1.8/webrick/server.rb:162:in `start'
  C:/Ruby187/lib/ruby/1.8/webrick/server.rb:162:in `start_thread'
  C:/Ruby187/lib/ruby/1.8/webrick/server.rb:95:in `start'
  C:/Ruby187/lib/ruby/1.8/webrick/server.rb:92:in `each'
  C:/Ruby187/lib/ruby/1.8/webrick/server.rb:92:in `start'
  C:/Ruby187/lib/ruby/1.8/webrick/server.rb:23:in `start'
  C:/Ruby187/lib/ruby/1.8/webrick/server.rb:82:in `start'

Rendering rescues/layout (not_found)


Processing UserSessionsController#new (for 127.0.0.1 at 2010-11-19 12:55:41) [GET]
  Parameters: {"action"=>"new", "controller"=>"user_sessions"}
Rendering template within layouts/application
Rendering user_sessions/new
Completed in 90ms (View: 31, DB: 0) | 200 OK [http://localhost/]


Processing ApplicationController#index (for 127.0.0.1 at 2010-11-19 12:55:42) [GET]

ActionController::RoutingError (No route matches "/stylesheets/scaffold.css" with {:method=>:get}):
  C:/Ruby187/lib/ruby/1.8/webrick/httpserver.rb:104:in `service'
  C:/Ruby187/lib/ruby/1.8/webrick/httpserver.rb:65:in `run'
  C:/Ruby187/lib/ruby/1.8/webrick/server.rb:173:in `start_thread'
  C:/Ruby187/lib/ruby/1.8/webrick/server.rb:162:in `start'
  C:/Ruby187/lib/ruby/1.8/webrick/server.rb:162:in `start_thread'
  C:/Ruby187/lib/ruby/1.8/webrick/server.rb:95:in `start'
  C:/Ruby187/lib/ruby/1.8/webrick/server.rb:92:in `each'
  C:/Ruby187/lib/ruby/1.8/webrick/server.rb:92:in `start'
  C:/Ruby187/lib/ruby/1.8/webrick/server.rb:23:in `start'
  C:/Ruby187/lib/ruby/1.8/webrick/server.rb:82:in `start'

Rendering rescues/layout (not_found)


Processing UserSessionsController#create (for 127.0.0.1 at 2010-11-19 12:56:46) [POST]
  Parameters: {"commit"=>"Login", "user_session"=>{"password"=>"[FILTERED]", "login"=>"e"}, "action"=>"create", "controller"=>"user_sessions"}
  [4;36;1mUser Load (0.0ms)[0m   [0;1mSELECT * FROM "users" WHERE (LOWER("users".login) = 'e') LIMIT 1[0m
Rendering template within layouts/application
Rendering user_sessions/new
Completed in 478ms (View: 20, DB: 0) | 200 OK [http://localhost/user_session]


Processing ApplicationController#index (for 127.0.0.1 at 2010-11-19 12:56:46) [GET]

ActionController::RoutingError (No route matches "/stylesheets/scaffold.css" with {:method=>:get}):
  C:/Ruby187/lib/ruby/1.8/webrick/httpserver.rb:104:in `service'
  C:/Ruby187/lib/ruby/1.8/webrick/httpserver.rb:65:in `run'
  C:/Ruby187/lib/ruby/1.8/webrick/server.rb:173:in `start_thread'
  C:/Ruby187/lib/ruby/1.8/webrick/server.rb:162:in `start'
  C:/Ruby187/lib/ruby/1.8/webrick/server.rb:162:in `start_thread'
  C:/Ruby187/lib/ruby/1.8/webrick/server.rb:95:in `start'
  C:/Ruby187/lib/ruby/1.8/webrick/server.rb:92:in `each'
  C:/Ruby187/lib/ruby/1.8/webrick/server.rb:92:in `start'
  C:/Ruby187/lib/ruby/1.8/webrick/server.rb:23:in `start'
  C:/Ruby187/lib/ruby/1.8/webrick/server.rb:82:in `start'

Rendering rescues/layout (not_found)


Processing UsersController#new (for 127.0.0.1 at 2010-11-19 12:56:55) [GET]
  Parameters: {"action"=>"new", "controller"=>"users"}
Rendering template within layouts/application
Rendering users/new
Rendered users/_form (12.0ms)
Completed in 136ms (View: 79, DB: 0) | 200 OK [http://localhost/account/new]


Processing ApplicationController#index (for 127.0.0.1 at 2010-11-19 12:56:55) [GET]

ActionController::RoutingError (No route matches "/stylesheets/scaffold.css" with {:method=>:get}):
  C:/Ruby187/lib/ruby/1.8/webrick/httpserver.rb:104:in `service'
  C:/Ruby187/lib/ruby/1.8/webrick/httpserver.rb:65:in `run'
  C:/Ruby187/lib/ruby/1.8/webrick/server.rb:173:in `start_thread'
  C:/Ruby187/lib/ruby/1.8/webrick/server.rb:162:in `start'
  C:/Ruby187/lib/ruby/1.8/webrick/server.rb:162:in `start_thread'
  C:/Ruby187/lib/ruby/1.8/webrick/server.rb:95:in `start'
  C:/Ruby187/lib/ruby/1.8/webrick/server.rb:92:in `each'
  C:/Ruby187/lib/ruby/1.8/webrick/server.rb:92:in `start'
  C:/Ruby187/lib/ruby/1.8/webrick/server.rb:23:in `start'
  C:/Ruby187/lib/ruby/1.8/webrick/server.rb:82:in `start'

Rendering rescues/layout (not_found)


Processing UserSessionsController#new (for 127.0.0.1 at 2010-11-19 13:02:06) [GET]
  Parameters: {"action"=>"new", "controller"=>"user_sessions"}
Rendering template within layouts/application
Rendering user_sessions/new

ActionView::TemplateError (undefined local variable or method `new_account_path' for #<ActionView::Base:0x99af1e8>) on line #22 of app/views/layouts/application.html.erb:
19: 
20: 
21: <% if !current_user %>
22:   <%= link_to "Register", new_account_path %> |
23:   <%= link_to "Log In", new_user_session_path %> |
24: <% else %>
25:   <%= link_to "My Account", account_path %> |

    app/views/layouts/application.html.erb:22
    C:/Ruby187/lib/ruby/1.8/webrick/httpserver.rb:104:in `service'
    C:/Ruby187/lib/ruby/1.8/webrick/httpserver.rb:65:in `run'
    C:/Ruby187/lib/ruby/1.8/webrick/server.rb:173:in `start_thread'
    C:/Ruby187/lib/ruby/1.8/webrick/server.rb:162:in `start'
    C:/Ruby187/lib/ruby/1.8/webrick/server.rb:162:in `start_thread'
    C:/Ruby187/lib/ruby/1.8/webrick/server.rb:95:in `start'
    C:/Ruby187/lib/ruby/1.8/webrick/server.rb:92:in `each'
    C:/Ruby187/lib/ruby/1.8/webrick/server.rb:92:in `start'
    C:/Ruby187/lib/ruby/1.8/webrick/server.rb:23:in `start'
    C:/Ruby187/lib/ruby/1.8/webrick/server.rb:82:in `start'

Rendered rescues/_trace (108.0ms)
Rendered rescues/_request_and_response (1.0ms)
Rendering rescues/layout (internal_server_error)


Processing UserSessionsController#new (for 127.0.0.1 at 2010-11-19 13:02:16) [GET]
  Parameters: {"action"=>"new", "controller"=>"user_sessions"}
Rendering template within layouts/application
Rendering user_sessions/new
Completed in 61ms (View: 18, DB: 0) | 200 OK [http://localhost/]


Processing ApplicationController#index (for 127.0.0.1 at 2010-11-19 13:02:16) [GET]

ActionController::RoutingError (No route matches "/stylesheets/scaffold.css" with {:method=>:get}):
  C:/Ruby187/lib/ruby/1.8/webrick/httpserver.rb:104:in `service'
  C:/Ruby187/lib/ruby/1.8/webrick/httpserver.rb:65:in `run'
  C:/Ruby187/lib/ruby/1.8/webrick/server.rb:173:in `start_thread'
  C:/Ruby187/lib/ruby/1.8/webrick/server.rb:162:in `start'
  C:/Ruby187/lib/ruby/1.8/webrick/server.rb:162:in `start_thread'
  C:/Ruby187/lib/ruby/1.8/webrick/server.rb:95:in `start'
  C:/Ruby187/lib/ruby/1.8/webrick/server.rb:92:in `each'
  C:/Ruby187/lib/ruby/1.8/webrick/server.rb:92:in `start'
  C:/Ruby187/lib/ruby/1.8/webrick/server.rb:23:in `start'
  C:/Ruby187/lib/ruby/1.8/webrick/server.rb:82:in `start'

Rendering rescues/layout (not_found)


Processing UsersController#new (for 127.0.0.1 at 2010-11-19 13:02:19) [GET]
  Parameters: {"action"=>"new", "controller"=>"users"}
Rendering template within layouts/application
Rendering users/new
Rendered users/_form (7.0ms)
Completed in 92ms (View: 36, DB: 0) | 200 OK [http://localhost/account/new]


Processing ApplicationController#index (for 127.0.0.1 at 2010-11-19 13:02:19) [GET]

ActionController::RoutingError (No route matches "/stylesheets/scaffold.css" with {:method=>:get}):
  C:/Ruby187/lib/ruby/1.8/webrick/httpserver.rb:104:in `service'
  C:/Ruby187/lib/ruby/1.8/webrick/httpserver.rb:65:in `run'
  C:/Ruby187/lib/ruby/1.8/webrick/server.rb:173:in `start_thread'
  C:/Ruby187/lib/ruby/1.8/webrick/server.rb:162:in `start'
  C:/Ruby187/lib/ruby/1.8/webrick/server.rb:162:in `start_thread'
  C:/Ruby187/lib/ruby/1.8/webrick/server.rb:95:in `start'
  C:/Ruby187/lib/ruby/1.8/webrick/server.rb:92:in `each'
  C:/Ruby187/lib/ruby/1.8/webrick/server.rb:92:in `start'
  C:/Ruby187/lib/ruby/1.8/webrick/server.rb:23:in `start'
  C:/Ruby187/lib/ruby/1.8/webrick/server.rb:82:in `start'

Rendering rescues/layout (not_found)


Processing UsersController#create (for 127.0.0.1 at 2010-11-19 13:02:25) [POST]
  Parameters: {"commit"=>"Register", "action"=>"create", "controller"=>"users", "user"=>{"password_confirmation"=>"[FILTERED]", "password"=>"[FILTERED]", "login"=>"test"}}
  [4;35;1mUser Load (0.0ms)[0m   [0mSELECT "users".id FROM "users" WHERE (LOWER("users"."login") = 'test') LIMIT 1[0m
  [4;36;1mUser Load (0.0ms)[0m   [0;1mSELECT "users".id FROM "users" WHERE ("users"."persistence_token" = '024a330098fd071abf8a31410e53b33c108d0895ccfa34f4e1e32c6c88cd524631b1e624f3db3c71fc28697b8c4aa540316edcf99c35508e6058c718fcc384a7') LIMIT 1[0m
  [4;35;1mUser Create (3.0ms)[0m   [0mINSERT INTO "users" ("created_at", "crypted_password", "updated_at", "password_salt", "persistence_token", "login") VALUES('2010-11-19 21:02:25', '362ccb41ab7901237430e78b1db693b3bc359ce2f105ff505180a8b84e1ce10a1c6ad291e72aa288ab8c11a2397441d7cbaac9f5374f053825160dbf249f96ea', '2010-11-19 21:02:25', '6ZXnN0fBtsVh669CK8Si', '024a330098fd071abf8a31410e53b33c108d0895ccfa34f4e1e32c6c88cd524631b1e624f3db3c71fc28697b8c4aa540316edcf99c35508e6058c718fcc384a7', 'test')[0m
Redirected to http://localhost:3000/account
Completed in 416ms (DB: 3) | 302 Found [http://localhost/account]


Processing UsersController#show (for 127.0.0.1 at 2010-11-19 13:02:25) [GET]
  Parameters: {"action"=>"show", "controller"=>"users"}
  [4;36;1mUser Load (1.0ms)[0m   [0;1mSELECT * FROM "users" WHERE ("users"."persistence_token" = '024a330098fd071abf8a31410e53b33c108d0895ccfa34f4e1e32c6c88cd524631b1e624f3db3c71fc28697b8c4aa540316edcf99c35508e6058c718fcc384a7') LIMIT 1[0m
Rendering template within layouts/application
Rendering users/show

ActionView::TemplateError (undefined method `email' for #<User:0x96c5670>) on line #8 of app/views/users/show.html.erb:
5: 
6: <p>
7:   <b>Email:</b>
8:   <%=h @user.email %>
9: </p>
10: 
11: <%= link_to 'Edit', edit_account_path %>

    app/views/users/show.html.erb:8
    C:/Ruby187/lib/ruby/1.8/webrick/httpserver.rb:104:in `service'
    C:/Ruby187/lib/ruby/1.8/webrick/httpserver.rb:65:in `run'
    C:/Ruby187/lib/ruby/1.8/webrick/server.rb:173:in `start_thread'
    C:/Ruby187/lib/ruby/1.8/webrick/server.rb:162:in `start'
    C:/Ruby187/lib/ruby/1.8/webrick/server.rb:162:in `start_thread'
    C:/Ruby187/lib/ruby/1.8/webrick/server.rb:95:in `start'
    C:/Ruby187/lib/ruby/1.8/webrick/server.rb:92:in `each'
    C:/Ruby187/lib/ruby/1.8/webrick/server.rb:92:in `start'
    C:/Ruby187/lib/ruby/1.8/webrick/server.rb:23:in `start'
    C:/Ruby187/lib/ruby/1.8/webrick/server.rb:82:in `start'

Rendered rescues/_trace (494.0ms)
Rendered rescues/_request_and_response (1.0ms)
Rendering rescues/layout (internal_server_error)


Processing UsersController#show (for 127.0.0.1 at 2010-11-19 13:02:49) [GET]
  Parameters: {"action"=>"show", "controller"=>"users"}
  [4;35;1mUser Load (2.0ms)[0m   [0mSELECT * FROM "users" WHERE ("users"."persistence_token" = '024a330098fd071abf8a31410e53b33c108d0895ccfa34f4e1e32c6c88cd524631b1e624f3db3c71fc28697b8c4aa540316edcf99c35508e6058c718fcc384a7') LIMIT 1[0m
Rendering template within layouts/application
Rendering users/show
Completed in 199ms (View: 63, DB: 2) | 200 OK [http://localhost/account]


Processing ApplicationController#index (for 127.0.0.1 at 2010-11-19 13:02:49) [GET]

ActionController::RoutingError (No route matches "/stylesheets/scaffold.css" with {:method=>:get}):
  C:/Ruby187/lib/ruby/1.8/webrick/httpserver.rb:104:in `service'
  C:/Ruby187/lib/ruby/1.8/webrick/httpserver.rb:65:in `run'
  C:/Ruby187/lib/ruby/1.8/webrick/server.rb:173:in `start_thread'
  C:/Ruby187/lib/ruby/1.8/webrick/server.rb:162:in `start'
  C:/Ruby187/lib/ruby/1.8/webrick/server.rb:162:in `start_thread'
  C:/Ruby187/lib/ruby/1.8/webrick/server.rb:95:in `start'
  C:/Ruby187/lib/ruby/1.8/webrick/server.rb:92:in `each'
  C:/Ruby187/lib/ruby/1.8/webrick/server.rb:92:in `start'
  C:/Ruby187/lib/ruby/1.8/webrick/server.rb:23:in `start'
  C:/Ruby187/lib/ruby/1.8/webrick/server.rb:82:in `start'

Rendering rescues/layout (not_found)


Processing UsersController#edit (for 127.0.0.1 at 2010-11-19 13:02:54) [GET]
  Parameters: {"action"=>"edit", "controller"=>"users"}
  [4;36;1mUser Load (1.0ms)[0m   [0;1mSELECT * FROM "users" WHERE ("users"."persistence_token" = '024a330098fd071abf8a31410e53b33c108d0895ccfa34f4e1e32c6c88cd524631b1e624f3db3c71fc28697b8c4aa540316edcf99c35508e6058c718fcc384a7') LIMIT 1[0m
Rendering template within layouts/application
Rendering users/edit
Rendered users/_form (6.0ms)
Completed in 138ms (View: 45, DB: 1) | 200 OK [http://localhost/account/edit]


Processing ApplicationController#index (for 127.0.0.1 at 2010-11-19 13:02:54) [GET]

ActionController::RoutingError (No route matches "/stylesheets/scaffold.css" with {:method=>:get}):
  C:/Ruby187/lib/ruby/1.8/webrick/httpserver.rb:104:in `service'
  C:/Ruby187/lib/ruby/1.8/webrick/httpserver.rb:65:in `run'
  C:/Ruby187/lib/ruby/1.8/webrick/server.rb:173:in `start_thread'
  C:/Ruby187/lib/ruby/1.8/webrick/server.rb:162:in `start'
  C:/Ruby187/lib/ruby/1.8/webrick/server.rb:162:in `start_thread'
  C:/Ruby187/lib/ruby/1.8/webrick/server.rb:95:in `start'
  C:/Ruby187/lib/ruby/1.8/webrick/server.rb:92:in `each'
  C:/Ruby187/lib/ruby/1.8/webrick/server.rb:92:in `start'
  C:/Ruby187/lib/ruby/1.8/webrick/server.rb:23:in `start'
  C:/Ruby187/lib/ruby/1.8/webrick/server.rb:82:in `start'

Rendering rescues/layout (not_found)


Processing UsersController#update (for 127.0.0.1 at 2010-11-19 13:02:59) [PUT]
  Parameters: {"commit"=>"Update", "action"=>"update", "_method"=>"put", "controller"=>"users", "user"=>{"password_confirmation"=>"[FILTERED]", "password"=>"[FILTERED]", "login"=>"test"}}
  [4;35;1mUser Load (1.0ms)[0m   [0mSELECT * FROM "users" WHERE ("users"."persistence_token" = '024a330098fd071abf8a31410e53b33c108d0895ccfa34f4e1e32c6c88cd524631b1e624f3db3c71fc28697b8c4aa540316edcf99c35508e6058c718fcc384a7') LIMIT 1[0m
  [4;36;1mUser Load (1.0ms)[0m   [0;1mSELECT "users".id FROM "users" WHERE ("users"."persistence_token" = 'd14a816cf457e6ca94be6a36600aa7ece83ad37a20d4ded96596348b8eec1c2a3a4bc746583af459207972f68dece953139d9829977b12a6780b608cb50fa189' AND "users".id <> 1) LIMIT 1[0m
  [4;35;1mCACHE (0.0ms)[0m   [0mSELECT * FROM "users" WHERE ("users"."persistence_token" = '024a330098fd071abf8a31410e53b33c108d0895ccfa34f4e1e32c6c88cd524631b1e624f3db3c71fc28697b8c4aa540316edcf99c35508e6058c718fcc384a7') LIMIT 1[0m
  [4;36;1mUser Update (2.0ms)[0m   [0;1mUPDATE "users" SET "persistence_token" = 'd14a816cf457e6ca94be6a36600aa7ece83ad37a20d4ded96596348b8eec1c2a3a4bc746583af459207972f68dece953139d9829977b12a6780b608cb50fa189', "updated_at" = '2010-11-19 21:02:59', "password_salt" = '54z4NYmx0rmb9eGgg9p', "crypted_password" = '52aa6bbd633ac3b9dbe3d1362c04ac33f6fa653546b59236999de1643d9d7cc7141a7e3049089b66b10e3624777386b7b3cde2062339d06117cf45dd6260bbdd' WHERE "id" = 1[0m
Redirected to http://localhost:3000/account
Completed in 281ms (DB: 4) | 302 Found [http://localhost/account]


Processing UsersController#show (for 127.0.0.1 at 2010-11-19 13:02:59) [GET]
  Parameters: {"action"=>"show", "controller"=>"users"}
  [4;35;1mUser Load (1.0ms)[0m   [0mSELECT * FROM "users" WHERE ("users"."id" = '1') LIMIT 1[0m
Rendering template within layouts/application
Rendering users/show
Completed in 67ms (View: 16, DB: 1) | 200 OK [http://localhost/account]


Processing ApplicationController#index (for 127.0.0.1 at 2010-11-19 13:03:00) [GET]

ActionController::RoutingError (No route matches "/stylesheets/scaffold.css" with {:method=>:get}):
  C:/Ruby187/lib/ruby/1.8/webrick/httpserver.rb:104:in `service'
  C:/Ruby187/lib/ruby/1.8/webrick/httpserver.rb:65:in `run'
  C:/Ruby187/lib/ruby/1.8/webrick/server.rb:173:in `start_thread'
  C:/Ruby187/lib/ruby/1.8/webrick/server.rb:162:in `start'
  C:/Ruby187/lib/ruby/1.8/webrick/server.rb:162:in `start_thread'
  C:/Ruby187/lib/ruby/1.8/webrick/server.rb:95:in `start'
  C:/Ruby187/lib/ruby/1.8/webrick/server.rb:92:in `each'
  C:/Ruby187/lib/ruby/1.8/webrick/server.rb:92:in `start'
  C:/Ruby187/lib/ruby/1.8/webrick/server.rb:23:in `start'
  C:/Ruby187/lib/ruby/1.8/webrick/server.rb:82:in `start'

Rendering rescues/layout (not_found)


Processing UserSessionsController#destroy (for 127.0.0.1 at 2010-11-19 13:03:06) [DELETE]
  Parameters: {"action"=>"destroy", "_method"=>"delete", "controller"=>"user_sessions"}
  [4;36;1mUser Load (0.0ms)[0m   [0;1mSELECT * FROM "users" WHERE ("users"."id" = '1') LIMIT 1[0m
Redirected to http://localhost:3000/user_session/new
Completed in 79ms (DB: 0) | 302 Found [http://localhost/user_session]


Processing UserSessionsController#new (for 127.0.0.1 at 2010-11-19 13:03:06) [GET]
  Parameters: {"action"=>"new", "controller"=>"user_sessions"}
Rendering template within layouts/application
Rendering user_sessions/new
Completed in 83ms (View: 24, DB: 0) | 200 OK [http://localhost/user_session/new]


Processing ApplicationController#index (for 127.0.0.1 at 2010-11-19 13:03:07) [GET]

ActionController::RoutingError (No route matches "/stylesheets/scaffold.css" with {:method=>:get}):
  C:/Ruby187/lib/ruby/1.8/webrick/httpserver.rb:104:in `service'
  C:/Ruby187/lib/ruby/1.8/webrick/httpserver.rb:65:in `run'
  C:/Ruby187/lib/ruby/1.8/webrick/server.rb:173:in `start_thread'
  C:/Ruby187/lib/ruby/1.8/webrick/server.rb:162:in `start'
  C:/Ruby187/lib/ruby/1.8/webrick/server.rb:162:in `start_thread'
  C:/Ruby187/lib/ruby/1.8/webrick/server.rb:95:in `start'
  C:/Ruby187/lib/ruby/1.8/webrick/server.rb:92:in `each'
  C:/Ruby187/lib/ruby/1.8/webrick/server.rb:92:in `start'
  C:/Ruby187/lib/ruby/1.8/webrick/server.rb:23:in `start'
  C:/Ruby187/lib/ruby/1.8/webrick/server.rb:82:in `start'

Rendering rescues/layout (not_found)


Processing UserSessionsController#new (for 127.0.0.1 at 2010-11-19 13:03:12) [GET]
  Parameters: {"action"=>"new", "controller"=>"user_sessions"}
Rendering template within layouts/application
Rendering user_sessions/new
Completed in 122ms (View: 26, DB: 0) | 200 OK [http://localhost/user_session/new]


Processing ApplicationController#index (for 127.0.0.1 at 2010-11-19 13:03:12) [GET]

ActionController::RoutingError (No route matches "/stylesheets/scaffold.css" with {:method=>:get}):
  C:/Ruby187/lib/ruby/1.8/webrick/httpserver.rb:104:in `service'
  C:/Ruby187/lib/ruby/1.8/webrick/httpserver.rb:65:in `run'
  C:/Ruby187/lib/ruby/1.8/webrick/server.rb:173:in `start_thread'
  C:/Ruby187/lib/ruby/1.8/webrick/server.rb:162:in `start'
  C:/Ruby187/lib/ruby/1.8/webrick/server.rb:162:in `start_thread'
  C:/Ruby187/lib/ruby/1.8/webrick/server.rb:95:in `start'
  C:/Ruby187/lib/ruby/1.8/webrick/server.rb:92:in `each'
  C:/Ruby187/lib/ruby/1.8/webrick/server.rb:92:in `start'
  C:/Ruby187/lib/ruby/1.8/webrick/server.rb:23:in `start'
  C:/Ruby187/lib/ruby/1.8/webrick/server.rb:82:in `start'

Rendering rescues/layout (not_found)


Processing UserSessionsController#create (for 127.0.0.1 at 2010-11-19 13:03:17) [POST]
  Parameters: {"commit"=>"Login", "user_session"=>{"password"=>"[FILTERED]", "login"=>"test"}, "action"=>"create", "controller"=>"user_sessions"}
  [4;35;1mUser Load (2.0ms)[0m   [0mSELECT * FROM "users" WHERE (LOWER("users".login) = 'test') LIMIT 1[0m
Redirected to http://localhost:3000/account
Completed in 174ms (DB: 2) | 302 Found [http://localhost/user_session]


Processing UsersController#show (for 127.0.0.1 at 2010-11-19 13:03:18) [GET]
  Parameters: {"action"=>"show", "controller"=>"users"}
  [4;36;1mUser Load (1.0ms)[0m   [0;1mSELECT * FROM "users" WHERE ("users"."id" = '1') LIMIT 1[0m
Rendering template within layouts/application
Rendering users/show
Completed in 90ms (View: 20, DB: 1) | 200 OK [http://localhost/account]


Processing ApplicationController#index (for 127.0.0.1 at 2010-11-19 13:03:18) [GET]

ActionController::RoutingError (No route matches "/stylesheets/scaffold.css" with {:method=>:get}):
  C:/Ruby187/lib/ruby/1.8/webrick/httpserver.rb:104:in `service'
  C:/Ruby187/lib/ruby/1.8/webrick/httpserver.rb:65:in `run'
  C:/Ruby187/lib/ruby/1.8/webrick/server.rb:173:in `start_thread'
  C:/Ruby187/lib/ruby/1.8/webrick/server.rb:162:in `start'
  C:/Ruby187/lib/ruby/1.8/webrick/server.rb:162:in `start_thread'
  C:/Ruby187/lib/ruby/1.8/webrick/server.rb:95:in `start'
  C:/Ruby187/lib/ruby/1.8/webrick/server.rb:92:in `each'
  C:/Ruby187/lib/ruby/1.8/webrick/server.rb:92:in `start'
  C:/Ruby187/lib/ruby/1.8/webrick/server.rb:23:in `start'
  C:/Ruby187/lib/ruby/1.8/webrick/server.rb:82:in `start'

Rendering rescues/layout (not_found)


Processing UsersController#show (for 127.0.0.1 at 2010-11-19 13:03:21) [GET]
  Parameters: {"action"=>"show", "controller"=>"users"}
  [4;35;1mUser Load (1.0ms)[0m   [0mSELECT * FROM "users" WHERE ("users"."id" = '1') LIMIT 1[0m
Rendering template within layouts/application
Rendering users/show
Completed in 196ms (View: 40, DB: 1) | 200 OK [http://localhost/account]


Processing ApplicationController#index (for 127.0.0.1 at 2010-11-19 13:03:22) [GET]

ActionController::RoutingError (No route matches "/stylesheets/scaffold.css" with {:method=>:get}):
  C:/Ruby187/lib/ruby/1.8/webrick/httpserver.rb:104:in `service'
  C:/Ruby187/lib/ruby/1.8/webrick/httpserver.rb:65:in `run'
  C:/Ruby187/lib/ruby/1.8/webrick/server.rb:173:in `start_thread'
  C:/Ruby187/lib/ruby/1.8/webrick/server.rb:162:in `start'
  C:/Ruby187/lib/ruby/1.8/webrick/server.rb:162:in `start_thread'
  C:/Ruby187/lib/ruby/1.8/webrick/server.rb:95:in `start'
  C:/Ruby187/lib/ruby/1.8/webrick/server.rb:92:in `each'
  C:/Ruby187/lib/ruby/1.8/webrick/server.rb:92:in `start'
  C:/Ruby187/lib/ruby/1.8/webrick/server.rb:23:in `start'
  C:/Ruby187/lib/ruby/1.8/webrick/server.rb:82:in `start'

Rendering rescues/layout (not_found)


Processing UserSessionsController#destroy (for 127.0.0.1 at 2010-11-19 13:03:25) [DELETE]
  Parameters: {"action"=>"destroy", "_method"=>"delete", "controller"=>"user_sessions"}
  [4;36;1mUser Load (1.0ms)[0m   [0;1mSELECT * FROM "users" WHERE ("users"."id" = '1') LIMIT 1[0m
Redirected to http://localhost:3000/user_session/new
Completed in 161ms (DB: 1) | 302 Found [http://localhost/user_session]


Processing UserSessionsController#new (for 127.0.0.1 at 2010-11-19 13:03:25) [GET]
  Parameters: {"action"=>"new", "controller"=>"user_sessions"}
Rendering template within layouts/application
Rendering user_sessions/new
Completed in 66ms (View: 20, DB: 0) | 200 OK [http://localhost/user_session/new]


Processing ApplicationController#index (for 127.0.0.1 at 2010-11-19 13:03:26) [GET]

ActionController::RoutingError (No route matches "/stylesheets/scaffold.css" with {:method=>:get}):
  C:/Ruby187/lib/ruby/1.8/webrick/httpserver.rb:104:in `service'
  C:/Ruby187/lib/ruby/1.8/webrick/httpserver.rb:65:in `run'
  C:/Ruby187/lib/ruby/1.8/webrick/server.rb:173:in `start_thread'
  C:/Ruby187/lib/ruby/1.8/webrick/server.rb:162:in `start'
  C:/Ruby187/lib/ruby/1.8/webrick/server.rb:162:in `start_thread'
  C:/Ruby187/lib/ruby/1.8/webrick/server.rb:95:in `start'
  C:/Ruby187/lib/ruby/1.8/webrick/server.rb:92:in `each'
  C:/Ruby187/lib/ruby/1.8/webrick/server.rb:92:in `start'
  C:/Ruby187/lib/ruby/1.8/webrick/server.rb:23:in `start'
  C:/Ruby187/lib/ruby/1.8/webrick/server.rb:82:in `start'

Rendering rescues/layout (not_found)


Processing UserSessionsController#new (for 127.0.0.1 at 2010-11-19 13:08:06) [GET]
  Parameters: {"action"=>"new", "controller"=>"user_sessions"}
Rendering template within layouts/application
Rendering user_sessions/new
Completed in 80ms (View: 23, DB: 0) | 200 OK [http://localhost/user_session/new]


Processing ApplicationController#index (for 127.0.0.1 at 2010-11-19 13:08:06) [GET]

ActionController::RoutingError (No route matches "/stylesheets/scaffold.css" with {:method=>:get}):
  C:/Ruby187/lib/ruby/1.8/webrick/httpserver.rb:104:in `service'
  C:/Ruby187/lib/ruby/1.8/webrick/httpserver.rb:65:in `run'
  C:/Ruby187/lib/ruby/1.8/webrick/server.rb:173:in `start_thread'
  C:/Ruby187/lib/ruby/1.8/webrick/server.rb:162:in `start'
  C:/Ruby187/lib/ruby/1.8/webrick/server.rb:162:in `start_thread'
  C:/Ruby187/lib/ruby/1.8/webrick/server.rb:95:in `start'
  C:/Ruby187/lib/ruby/1.8/webrick/server.rb:92:in `each'
  C:/Ruby187/lib/ruby/1.8/webrick/server.rb:92:in `start'
  C:/Ruby187/lib/ruby/1.8/webrick/server.rb:23:in `start'
  C:/Ruby187/lib/ruby/1.8/webrick/server.rb:82:in `start'

Rendering rescues/layout (not_found)


Processing UsersController#new (for 127.0.0.1 at 2010-11-19 13:08:10) [GET]
  Parameters: {"action"=>"new", "controller"=>"users"}
Rendering template within layouts/application
Rendering users/new
Rendered users/_form (17.0ms)
Completed in 344ms (View: 230, DB: 0) | 200 OK [http://localhost/account/new]


Processing ApplicationController#index (for 127.0.0.1 at 2010-11-19 13:08:11) [GET]

ActionController::RoutingError (No route matches "/stylesheets/scaffold.css" with {:method=>:get}):
  C:/Ruby187/lib/ruby/1.8/webrick/httpserver.rb:104:in `service'
  C:/Ruby187/lib/ruby/1.8/webrick/httpserver.rb:65:in `run'
  C:/Ruby187/lib/ruby/1.8/webrick/server.rb:173:in `start_thread'
  C:/Ruby187/lib/ruby/1.8/webrick/server.rb:162:in `start'
  C:/Ruby187/lib/ruby/1.8/webrick/server.rb:162:in `start_thread'
  C:/Ruby187/lib/ruby/1.8/webrick/server.rb:95:in `start'
  C:/Ruby187/lib/ruby/1.8/webrick/server.rb:92:in `each'
  C:/Ruby187/lib/ruby/1.8/webrick/server.rb:92:in `start'
  C:/Ruby187/lib/ruby/1.8/webrick/server.rb:23:in `start'
  C:/Ruby187/lib/ruby/1.8/webrick/server.rb:82:in `start'

Rendering rescues/layout (not_found)


Processing UsersController#create (for 127.0.0.1 at 2010-11-19 13:08:15) [POST]
  Parameters: {"commit"=>"Register", "action"=>"create", "controller"=>"users", "user"=>{"password_confirmation"=>"[FILTERED]", "password"=>"[FILTERED]", "login"=>"abc"}}
  [4;35;1mUser Load (1.0ms)[0m   [0mSELECT "users".id FROM "users" WHERE (LOWER("users"."login") = 'abc') LIMIT 1[0m
  [4;36;1mUser Load (0.0ms)[0m   [0;1mSELECT "users".id FROM "users" WHERE ("users"."persistence_token" = 'ba310da0f8670a4cc3953ca85f02596c56d873bf1e9250ae34c29c126df6bf3abf4193ed4989c562bdcd66f2ccf89430d6662f1fbbcc37db15bb118322f7ee05') LIMIT 1[0m
Rendering template within layouts/application
Rendering users/new
Rendered users/_form (16.0ms)
Completed in 225ms (View: 51, DB: 1) | 200 OK [http://localhost/account]


Processing ApplicationController#index (for 127.0.0.1 at 2010-11-19 13:08:15) [GET]

ActionController::RoutingError (No route matches "/stylesheets/scaffold.css" with {:method=>:get}):
  C:/Ruby187/lib/ruby/1.8/webrick/httpserver.rb:104:in `service'
  C:/Ruby187/lib/ruby/1.8/webrick/httpserver.rb:65:in `run'
  C:/Ruby187/lib/ruby/1.8/webrick/server.rb:173:in `start_thread'
  C:/Ruby187/lib/ruby/1.8/webrick/server.rb:162:in `start'
  C:/Ruby187/lib/ruby/1.8/webrick/server.rb:162:in `start_thread'
  C:/Ruby187/lib/ruby/1.8/webrick/server.rb:95:in `start'
  C:/Ruby187/lib/ruby/1.8/webrick/server.rb:92:in `each'
  C:/Ruby187/lib/ruby/1.8/webrick/server.rb:92:in `start'
  C:/Ruby187/lib/ruby/1.8/webrick/server.rb:23:in `start'
  C:/Ruby187/lib/ruby/1.8/webrick/server.rb:82:in `start'

Rendering rescues/layout (not_found)


Processing UsersController#create (for 127.0.0.1 at 2010-11-19 13:08:18) [POST]
  Parameters: {"commit"=>"Register", "action"=>"create", "controller"=>"users", "user"=>{"password_confirmation"=>"[FILTERED]", "password"=>"[FILTERED]", "login"=>"abc"}}
  [4;35;1mUser Load (0.0ms)[0m   [0mSELECT "users".id FROM "users" WHERE (LOWER("users"."login") = 'abc') LIMIT 1[0m
  [4;36;1mUser Load (1.0ms)[0m   [0;1mSELECT "users".id FROM "users" WHERE ("users"."persistence_token" = 'c89e31ed0c45c44286a440caeb4dd56089a5bc7812d1274fe880871756d66569eddd380a43532c0d9106cbfc8beeeb586c09fb52920442d9fb162f766c8c2b25') LIMIT 1[0m
  [4;35;1mUser Create (3.0ms)[0m   [0mINSERT INTO "users" ("created_at", "crypted_password", "updated_at", "password_salt", "persistence_token", "login") VALUES('2010-11-19 21:08:18', '1c0c771021a14d17bf0684b3b3e4327e594f2d7c6724a22ed83160b8feb0875e4d8634c8fe6d25440ac7fe0624f4627855f5e2499dc0b4b246eec07cb63991e5', '2010-11-19 21:08:18', 'mnr3i3kZhAxMr9daeGM', 'c89e31ed0c45c44286a440caeb4dd56089a5bc7812d1274fe880871756d66569eddd380a43532c0d9106cbfc8beeeb586c09fb52920442d9fb162f766c8c2b25', 'abc')[0m
Redirected to http://localhost:3000/account
Completed in 285ms (DB: 4) | 302 Found [http://localhost/account]


Processing UsersController#show (for 127.0.0.1 at 2010-11-19 13:08:19) [GET]
  Parameters: {"action"=>"show", "controller"=>"users"}
  [4;36;1mUser Load (1.0ms)[0m   [0;1mSELECT * FROM "users" WHERE ("users"."persistence_token" = 'c89e31ed0c45c44286a440caeb4dd56089a5bc7812d1274fe880871756d66569eddd380a43532c0d9106cbfc8beeeb586c09fb52920442d9fb162f766c8c2b25') LIMIT 1[0m
Rendering template within layouts/application
Rendering users/show
Completed in 81ms (View: 18, DB: 1) | 200 OK [http://localhost/account]


Processing ApplicationController#index (for 127.0.0.1 at 2010-11-19 13:08:19) [GET]

ActionController::RoutingError (No route matches "/stylesheets/scaffold.css" with {:method=>:get}):
  C:/Ruby187/lib/ruby/1.8/webrick/httpserver.rb:104:in `service'
  C:/Ruby187/lib/ruby/1.8/webrick/httpserver.rb:65:in `run'
  C:/Ruby187/lib/ruby/1.8/webrick/server.rb:173:in `start_thread'
  C:/Ruby187/lib/ruby/1.8/webrick/server.rb:162:in `start'
  C:/Ruby187/lib/ruby/1.8/webrick/server.rb:162:in `start_thread'
  C:/Ruby187/lib/ruby/1.8/webrick/server.rb:95:in `start'
  C:/Ruby187/lib/ruby/1.8/webrick/server.rb:92:in `each'
  C:/Ruby187/lib/ruby/1.8/webrick/server.rb:92:in `start'
  C:/Ruby187/lib/ruby/1.8/webrick/server.rb:23:in `start'
  C:/Ruby187/lib/ruby/1.8/webrick/server.rb:82:in `start'

Rendering rescues/layout (not_found)


Processing UsersController#edit (for 127.0.0.1 at 2010-11-19 13:08:25) [GET]
  Parameters: {"action"=>"edit", "controller"=>"users"}
  [4;35;1mUser Load (0.0ms)[0m   [0mSELECT * FROM "users" WHERE ("users"."persistence_token" = 'c89e31ed0c45c44286a440caeb4dd56089a5bc7812d1274fe880871756d66569eddd380a43532c0d9106cbfc8beeeb586c09fb52920442d9fb162f766c8c2b25') LIMIT 1[0m
Rendering template within layouts/application
Rendering users/edit
Rendered users/_form (13.0ms)
Completed in 200ms (View: 63, DB: 0) | 200 OK [http://localhost/account/edit]


Processing ApplicationController#index (for 127.0.0.1 at 2010-11-19 13:08:26) [GET]

ActionController::RoutingError (No route matches "/stylesheets/scaffold.css" with {:method=>:get}):
  C:/Ruby187/lib/ruby/1.8/webrick/httpserver.rb:104:in `service'
  C:/Ruby187/lib/ruby/1.8/webrick/httpserver.rb:65:in `run'
  C:/Ruby187/lib/ruby/1.8/webrick/server.rb:173:in `start_thread'
  C:/Ruby187/lib/ruby/1.8/webrick/server.rb:162:in `start'
  C:/Ruby187/lib/ruby/1.8/webrick/server.rb:162:in `start_thread'
  C:/Ruby187/lib/ruby/1.8/webrick/server.rb:95:in `start'
  C:/Ruby187/lib/ruby/1.8/webrick/server.rb:92:in `each'
  C:/Ruby187/lib/ruby/1.8/webrick/server.rb:92:in `start'
  C:/Ruby187/lib/ruby/1.8/webrick/server.rb:23:in `start'
  C:/Ruby187/lib/ruby/1.8/webrick/server.rb:82:in `start'

Rendering rescues/layout (not_found)


Processing UsersController#update (for 127.0.0.1 at 2010-11-19 13:08:30) [PUT]
  Parameters: {"commit"=>"Update", "action"=>"update", "_method"=>"put", "controller"=>"users", "user"=>{"password_confirmation"=>"[FILTERED]", "password"=>"[FILTERED]", "login"=>"abc"}}
  [4;36;1mUser Load (1.0ms)[0m   [0;1mSELECT * FROM "users" WHERE ("users"."persistence_token" = 'c89e31ed0c45c44286a440caeb4dd56089a5bc7812d1274fe880871756d66569eddd380a43532c0d9106cbfc8beeeb586c09fb52920442d9fb162f766c8c2b25') LIMIT 1[0m
  [4;35;1mUser Load (1.0ms)[0m   [0mSELECT "users".id FROM "users" WHERE ("users"."persistence_token" = '488586a13370ddd1a7da31ca95ad531d4c6e01de008af9847f6dace3215f00ceb791acaefa0deb82e30abd6f1b4afbc1395471ca15cb9c64917f6f2719ad6de4' AND "users".id <> 2) LIMIT 1[0m
Rendering template within layouts/application
Rendering users/edit
Rendered users/_form (42.0ms)
Completed in 290ms (View: 122, DB: 2) | 200 OK [http://localhost/account]


Processing ApplicationController#index (for 127.0.0.1 at 2010-11-19 13:08:31) [GET]

ActionController::RoutingError (No route matches "/stylesheets/scaffold.css" with {:method=>:get}):
  C:/Ruby187/lib/ruby/1.8/webrick/httpserver.rb:104:in `service'
  C:/Ruby187/lib/ruby/1.8/webrick/httpserver.rb:65:in `run'
  C:/Ruby187/lib/ruby/1.8/webrick/server.rb:173:in `start_thread'
  C:/Ruby187/lib/ruby/1.8/webrick/server.rb:162:in `start'
  C:/Ruby187/lib/ruby/1.8/webrick/server.rb:162:in `start_thread'
  C:/Ruby187/lib/ruby/1.8/webrick/server.rb:95:in `start'
  C:/Ruby187/lib/ruby/1.8/webrick/server.rb:92:in `each'
  C:/Ruby187/lib/ruby/1.8/webrick/server.rb:92:in `start'
  C:/Ruby187/lib/ruby/1.8/webrick/server.rb:23:in `start'
  C:/Ruby187/lib/ruby/1.8/webrick/server.rb:82:in `start'

Rendering rescues/layout (not_found)


Processing UsersController#update (for 127.0.0.1 at 2010-11-19 13:08:35) [PUT]
  Parameters: {"commit"=>"Update", "action"=>"update", "_method"=>"put", "controller"=>"users", "user"=>{"password_confirmation"=>"[FILTERED]", "password"=>"[FILTERED]", "login"=>"abc"}}
  [4;36;1mUser Load (1.0ms)[0m   [0;1mSELECT * FROM "users" WHERE ("users"."persistence_token" = 'c89e31ed0c45c44286a440caeb4dd56089a5bc7812d1274fe880871756d66569eddd380a43532c0d9106cbfc8beeeb586c09fb52920442d9fb162f766c8c2b25') LIMIT 1[0m
  [4;35;1mUser Load (1.0ms)[0m   [0mSELECT "users".id FROM "users" WHERE ("users"."persistence_token" = '1ddb62c199e317623f57f36f3ea582e0db44297735e38fd4ca7dcd4c7c3221799330df42c0236d2000a3f7c5766b884b6456e283a3ec5fd765447bdc8ba8c5a2' AND "users".id <> 2) LIMIT 1[0m
  [4;36;1mCACHE (0.0ms)[0m   [0;1mSELECT * FROM "users" WHERE ("users"."persistence_token" = 'c89e31ed0c45c44286a440caeb4dd56089a5bc7812d1274fe880871756d66569eddd380a43532c0d9106cbfc8beeeb586c09fb52920442d9fb162f766c8c2b25') LIMIT 1[0m
  [4;35;1mUser Update (3.0ms)[0m   [0mUPDATE "users" SET "persistence_token" = '1ddb62c199e317623f57f36f3ea582e0db44297735e38fd4ca7dcd4c7c3221799330df42c0236d2000a3f7c5766b884b6456e283a3ec5fd765447bdc8ba8c5a2', "updated_at" = '2010-11-19 21:08:35', "password_salt" = 'rGY8hfOkq9uBH561wNw', "crypted_password" = 'e3663b2a592b0dd8b74212715217b08379621aaabcbc785e97499a5bcd6b96f45aa80296c2f765810a50bbb7ec24aca308844438d27911118641e81cd9109ca8' WHERE "id" = 2[0m
Redirected to http://localhost:3000/account
Completed in 318ms (DB: 5) | 302 Found [http://localhost/account]


Processing UsersController#show (for 127.0.0.1 at 2010-11-19 13:08:36) [GET]
  Parameters: {"action"=>"show", "controller"=>"users"}
  [4;36;1mUser Load (1.0ms)[0m   [0;1mSELECT * FROM "users" WHERE ("users"."id" = '2') LIMIT 1[0m
Rendering template within layouts/application
Rendering users/show
Completed in 193ms (View: 35, DB: 1) | 200 OK [http://localhost/account]


Processing ApplicationController#index (for 127.0.0.1 at 2010-11-19 13:08:37) [GET]

ActionController::RoutingError (No route matches "/stylesheets/scaffold.css" with {:method=>:get}):
  C:/Ruby187/lib/ruby/1.8/webrick/httpserver.rb:104:in `service'
  C:/Ruby187/lib/ruby/1.8/webrick/httpserver.rb:65:in `run'
  C:/Ruby187/lib/ruby/1.8/webrick/server.rb:173:in `start_thread'
  C:/Ruby187/lib/ruby/1.8/webrick/server.rb:162:in `start'
  C:/Ruby187/lib/ruby/1.8/webrick/server.rb:162:in `start_thread'
  C:/Ruby187/lib/ruby/1.8/webrick/server.rb:95:in `start'
  C:/Ruby187/lib/ruby/1.8/webrick/server.rb:92:in `each'
  C:/Ruby187/lib/ruby/1.8/webrick/server.rb:92:in `start'
  C:/Ruby187/lib/ruby/1.8/webrick/server.rb:23:in `start'
  C:/Ruby187/lib/ruby/1.8/webrick/server.rb:82:in `start'

Rendering rescues/layout (not_found)


Processing UserSessionsController#destroy (for 127.0.0.1 at 2010-11-19 13:08:43) [DELETE]
  Parameters: {"action"=>"destroy", "_method"=>"delete", "controller"=>"user_sessions"}
  [4;35;1mUser Load (2.0ms)[0m   [0mSELECT * FROM "users" WHERE ("users"."id" = '2') LIMIT 1[0m
Redirected to http://localhost:3000/user_session/new
Completed in 154ms (DB: 2) | 302 Found [http://localhost/user_session]


Processing UserSessionsController#new (for 127.0.0.1 at 2010-11-19 13:08:43) [GET]
  Parameters: {"action"=>"new", "controller"=>"user_sessions"}
Rendering template within layouts/application
Rendering user_sessions/new
Completed in 159ms (View: 49, DB: 0) | 200 OK [http://localhost/user_session/new]


Processing ApplicationController#index (for 127.0.0.1 at 2010-11-19 13:08:44) [GET]

ActionController::RoutingError (No route matches "/stylesheets/scaffold.css" with {:method=>:get}):
  C:/Ruby187/lib/ruby/1.8/webrick/httpserver.rb:104:in `service'
  C:/Ruby187/lib/ruby/1.8/webrick/httpserver.rb:65:in `run'
  C:/Ruby187/lib/ruby/1.8/webrick/server.rb:173:in `start_thread'
  C:/Ruby187/lib/ruby/1.8/webrick/server.rb:162:in `start'
  C:/Ruby187/lib/ruby/1.8/webrick/server.rb:162:in `start_thread'
  C:/Ruby187/lib/ruby/1.8/webrick/server.rb:95:in `start'
  C:/Ruby187/lib/ruby/1.8/webrick/server.rb:92:in `each'
  C:/Ruby187/lib/ruby/1.8/webrick/server.rb:92:in `start'
  C:/Ruby187/lib/ruby/1.8/webrick/server.rb:23:in `start'
  C:/Ruby187/lib/ruby/1.8/webrick/server.rb:82:in `start'

Rendering rescues/layout (not_found)


Processing UserSessionsController#new (for 127.0.0.1 at 2010-11-19 13:25:59) [GET]
  Parameters: {"action"=>"new", "controller"=>"user_sessions"}
Rendering template within layouts/application
Rendering user_sessions/new
Completed in 215ms (View: 31, DB: 0) | 200 OK [http://localhost/user_session/new]


Processing ApplicationController#index (for 127.0.0.1 at 2010-11-19 13:26:00) [GET]

ActionController::RoutingError (No route matches "/stylesheets/scaffold.css" with {:method=>:get}):
  C:/Ruby187/lib/ruby/1.8/webrick/httpserver.rb:104:in `service'
  C:/Ruby187/lib/ruby/1.8/webrick/httpserver.rb:65:in `run'
  C:/Ruby187/lib/ruby/1.8/webrick/server.rb:173:in `start_thread'
  C:/Ruby187/lib/ruby/1.8/webrick/server.rb:162:in `start'
  C:/Ruby187/lib/ruby/1.8/webrick/server.rb:162:in `start_thread'
  C:/Ruby187/lib/ruby/1.8/webrick/server.rb:95:in `start'
  C:/Ruby187/lib/ruby/1.8/webrick/server.rb:92:in `each'
  C:/Ruby187/lib/ruby/1.8/webrick/server.rb:92:in `start'
  C:/Ruby187/lib/ruby/1.8/webrick/server.rb:23:in `start'
  C:/Ruby187/lib/ruby/1.8/webrick/server.rb:82:in `start'

Rendering rescues/layout (not_found)
